INFO: kbplacer_plugin_action.py:70: Plugin version: 0.14
INFO: kbplacer_plugin_action.py:71: Python version: '3.13.7 (main, Aug 15 2025, 12:34:02) [GCC 15.2.1 20250813]'
INFO: kbplacer_plugin_action.py:72: KiCad version: 9.0.5 with 4.2.3 gtk3 (phoenix) wxWidgets 3.2.8
INFO: kbplacer_dialog.py:631: Language: en
INFO: kbplacer_plugin_action.py:80: GUI state: {"layout_path": "/home/william/Downloads/keyboard-layout.json", "key_distance": [19.05, 19.05], "key_info": {"annotation_format": "SW{}", "position_option": "Default", "position": {"x": 0.0, "y": 0.0, "orientation": 0.0, "side": "Front"}, "template_path": ""}, "enable_diode_placement": true, "route_switches_with_diodes": true, "optimize_diodes_orientation": false, "diode_info": {"annotation_format": "D{}", "position_option": "Default", "position": {"x": 5.08, "y": 3.03, "orientation": 90.0, "side": "Back"}, "template_path": ""}, "additional_elements": [{"annotation_format": "ST{}", "position_option": "Custom", "position": {"x": 0.0, "y": 0.0, "orientation": 0.0, "side": "Front"}, "template_path": ""}], "route_rows_and_columns": true, "template_path": "", "generate_outline": false, "outline_delta": 0.0}
DEBUG: key_placer.py:424: Set key 1U distance: 19050000/19050000
WARNING: key_placer.py:134: Unexpected switch net position detected, each switch should have two unique nets unambiguously defining position in key matrix, switch-by-matrix association can't be used
DEBUG: key_placer.py:141: Switches by nets: {}
DEBUG: key_placer.py:145: Diodes by switch: {}
INFO: kle_serial.py:931: User layout: [['~\n`', '!\n1', '@\n2', '#\n3', '$\n4', '%\n5', '^\n6', '&\n7', '*\n8', '(\n9', ')\n0', '_\n-', '+\n=', {'w': 2}, 'Backspace'], [{'w': 1.5}, 'Tab', 'Q', 'W', 'E', 'R', 'T', 'Y', 'U', 'I', 'O', 'P', '{\n[', '}\n]', {'w': 1.5}, '|\n\\'], [{'w': 1.75}, 'Caps Lock', 'A', 'S', 'D', 'F', 'G', 'H', 'J', 'K', 'L', ':\n;', '"\n\'', {'w': 2.25}, 'Enter'], [{'w': 2.25}, 'Shift', 'Z', 'X', 'C', 'V', 'B', 'N', 'M', '<\n,', '>\n.', '?\n/', {'w': 2.75}, 'Shift'], [{'w': 1.25}, 'Ctrl', {'w': 1.25}, 'Win', {'w': 1.25}, 'Alt', {'a': 7, 'w': 6.25}, '', {'a': 4, 'w': 1.25}, 'Alt', {'w': 1.25}, 'Win', {'w': 1.25}, 'Menu', {'w': 1.25}, 'Ctrl']]
DEBUG: key_placer.py:724: Layout offset: (28575000, 28575000)
DEBUG: kle_serial.py:990: Layout with: x_ortholinear_keys=19, y_ortholinear_keys=61, rotated_keys=0, encoders=0, iso_enters=0 and unrecognized_shape_keys=0
DEBUG: kle_serial.py:1015: Layout tagged: [<KeyboardTag.ROW_STAGGERED: 2>]
DEBUG: board_modifier.py:94: Setting SW1 footprint position: (38100000, 38100000)
DEBUG: board_modifier.py:94: Setting SW2 footprint position: (57150000, 38100000)
DEBUG: board_modifier.py:94: Setting SW3 footprint position: (76200000, 38100000)
DEBUG: board_modifier.py:94: Setting SW4 footprint position: (95250000, 38100000)
DEBUG: board_modifier.py:94: Setting SW5 footprint position: (114300000, 38100000)
DEBUG: board_modifier.py:94: Setting SW6 footprint position: (133350000, 38100000)
DEBUG: board_modifier.py:94: Setting SW7 footprint position: (152400000, 38100000)
DEBUG: board_modifier.py:94: Setting SW8 footprint position: (171450000, 38100000)
DEBUG: board_modifier.py:94: Setting SW9 footprint position: (190500000, 38100000)
DEBUG: board_modifier.py:94: Setting SW10 footprint position: (209550000, 38100000)
DEBUG: board_modifier.py:94: Setting SW11 footprint position: (228600000, 38100000)
DEBUG: board_modifier.py:94: Setting SW12 footprint position: (247650000, 38100000)
DEBUG: board_modifier.py:94: Setting SW13 footprint position: (266700000, 38100000)
DEBUG: board_modifier.py:94: Setting SW14 footprint position: (295275000, 38100000)
DEBUG: board_modifier.py:94: Setting SW15 footprint position: (42862500, 57150000)
DEBUG: board_modifier.py:94: Setting SW16 footprint position: (66675000, 57150000)
DEBUG: board_modifier.py:94: Setting SW17 footprint position: (85725000, 57150000)
DEBUG: board_modifier.py:94: Setting SW18 footprint position: (104775000, 57150000)
DEBUG: board_modifier.py:94: Setting SW19 footprint position: (123825000, 57150000)
DEBUG: board_modifier.py:94: Setting SW20 footprint position: (142875000, 57150000)
DEBUG: board_modifier.py:94: Setting SW21 footprint position: (161925000, 57150000)
DEBUG: board_modifier.py:94: Setting SW22 footprint position: (180975000, 57150000)
DEBUG: board_modifier.py:94: Setting SW23 footprint position: (200025000, 57150000)
DEBUG: board_modifier.py:94: Setting SW24 footprint position: (219075000, 57150000)
DEBUG: board_modifier.py:94: Setting SW25 footprint position: (238125000, 57150000)
DEBUG: board_modifier.py:94: Setting SW26 footprint position: (257175000, 57150000)
DEBUG: board_modifier.py:94: Setting SW27 footprint position: (276225000, 57150000)
DEBUG: board_modifier.py:94: Setting SW28 footprint position: (300037500, 57150000)
DEBUG: board_modifier.py:94: Setting SW29 footprint position: (45243750, 76200000)
DEBUG: board_modifier.py:94: Setting SW30 footprint position: (71437500, 76200000)
DEBUG: board_modifier.py:94: Setting SW31 footprint position: (90487500, 76200000)
DEBUG: board_modifier.py:94: Setting SW32 footprint position: (109537500, 76200000)
DEBUG: board_modifier.py:94: Setting SW33 footprint position: (128587500, 76200000)
DEBUG: board_modifier.py:94: Setting SW34 footprint position: (147637500, 76200000)
DEBUG: board_modifier.py:94: Setting SW35 footprint position: (166687500, 76200000)
DEBUG: board_modifier.py:94: Setting SW36 footprint position: (185737500, 76200000)
DEBUG: board_modifier.py:94: Setting SW37 footprint position: (204787500, 76200000)
DEBUG: board_modifier.py:94: Setting SW38 footprint position: (223837500, 76200000)
DEBUG: board_modifier.py:94: Setting SW39 footprint position: (242887500, 76200000)
DEBUG: board_modifier.py:94: Setting SW40 footprint position: (261937500, 76200000)
DEBUG: board_modifier.py:94: Setting SW41 footprint position: (292893750, 76200000)
DEBUG: board_modifier.py:94: Setting SW42 footprint position: (50006250, 95250000)
DEBUG: board_modifier.py:94: Setting SW43 footprint position: (80962500, 95250000)
DEBUG: board_modifier.py:94: Setting SW44 footprint position: (100012500, 95250000)
DEBUG: board_modifier.py:94: Setting SW45 footprint position: (119062500, 95250000)
DEBUG: board_modifier.py:94: Setting SW46 footprint position: (138112500, 95250000)
DEBUG: board_modifier.py:94: Setting SW47 footprint position: (157162500, 95250000)
DEBUG: board_modifier.py:94: Setting SW48 footprint position: (176212500, 95250000)
DEBUG: board_modifier.py:94: Setting SW49 footprint position: (195262500, 95250000)
DEBUG: board_modifier.py:94: Setting SW50 footprint position: (214312500, 95250000)
DEBUG: board_modifier.py:94: Setting SW51 footprint position: (233362500, 95250000)
DEBUG: board_modifier.py:94: Setting SW52 footprint position: (252412500, 95250000)
DEBUG: board_modifier.py:94: Setting SW53 footprint position: (288131250, 95250000)
DEBUG: board_modifier.py:94: Setting SW54 footprint position: (40481250, 114300000)
DEBUG: board_modifier.py:94: Setting SW55 footprint position: (64293750, 114300000)
DEBUG: board_modifier.py:94: Setting SW56 footprint position: (88106250, 114300000)
DEBUG: board_modifier.py:94: Setting SW57 footprint position: (159543750, 114300000)
DEBUG: board_modifier.py:94: Setting SW58 footprint position: (230981250, 114300000)
DEBUG: board_modifier.py:94: Setting SW59 footprint position: (254793750, 114300000)
DEBUG: board_modifier.py:94: Setting SW60 footprint position: (278606250, 114300000)
DEBUG: board_modifier.py:94: Setting SW61 footprint position: (302418750, 114300000)
INFO: key_placer.py:1078: Diode info: [ElementInfo(annotation_format='D{}', position_option=<PositionOption.DEFAULT: 'Default'>, position=ElementPosition(x=5.08, y=3.03, orientation=90.0, side=<Side.BACK: 'Back'>), template_path='')]
DEBUG: board_modifier.py:107: Getting SW1 footprint position: (38100000, 38100000)
DEBUG: board_modifier.py:107: Getting SW2 footprint position: (57150000, 38100000)
DEBUG: board_modifier.py:107: Getting SW3 footprint position: (76200000, 38100000)
DEBUG: board_modifier.py:107: Getting SW4 footprint position: (95250000, 38100000)
DEBUG: board_modifier.py:107: Getting SW5 footprint position: (114300000, 38100000)
DEBUG: board_modifier.py:107: Getting SW6 footprint position: (133350000, 38100000)
DEBUG: board_modifier.py:107: Getting SW7 footprint position: (152400000, 38100000)
DEBUG: board_modifier.py:107: Getting SW8 footprint position: (171450000, 38100000)
DEBUG: board_modifier.py:107: Getting SW9 footprint position: (190500000, 38100000)
DEBUG: board_modifier.py:107: Getting SW10 footprint position: (209550000, 38100000)
DEBUG: board_modifier.py:107: Getting SW11 footprint position: (228600000, 38100000)
DEBUG: board_modifier.py:107: Getting SW12 footprint position: (247650000, 38100000)
DEBUG: board_modifier.py:107: Getting SW13 footprint position: (266700000, 38100000)
DEBUG: board_modifier.py:107: Getting SW14 footprint position: (295275000, 38100000)
DEBUG: board_modifier.py:107: Getting SW15 footprint position: (42862500, 57150000)
DEBUG: board_modifier.py:107: Getting SW16 footprint position: (66675000, 57150000)
DEBUG: board_modifier.py:107: Getting SW17 footprint position: (85725000, 57150000)
DEBUG: board_modifier.py:107: Getting SW18 footprint position: (104775000, 57150000)
DEBUG: board_modifier.py:107: Getting SW19 footprint position: (123825000, 57150000)
DEBUG: board_modifier.py:107: Getting SW20 footprint position: (142875000, 57150000)
DEBUG: board_modifier.py:107: Getting SW21 footprint position: (161925000, 57150000)
DEBUG: board_modifier.py:107: Getting SW22 footprint position: (180975000, 57150000)
DEBUG: board_modifier.py:107: Getting SW23 footprint position: (200025000, 57150000)
DEBUG: board_modifier.py:107: Getting SW24 footprint position: (219075000, 57150000)
DEBUG: board_modifier.py:107: Getting SW25 footprint position: (238125000, 57150000)
DEBUG: board_modifier.py:107: Getting SW26 footprint position: (257175000, 57150000)
DEBUG: board_modifier.py:107: Getting SW27 footprint position: (276225000, 57150000)
DEBUG: board_modifier.py:107: Getting SW28 footprint position: (300037500, 57150000)
DEBUG: board_modifier.py:107: Getting SW29 footprint position: (45243750, 76200000)
DEBUG: board_modifier.py:107: Getting SW30 footprint position: (71437500, 76200000)
DEBUG: board_modifier.py:107: Getting SW31 footprint position: (90487500, 76200000)
DEBUG: board_modifier.py:107: Getting SW32 footprint position: (109537500, 76200000)
DEBUG: board_modifier.py:107: Getting SW33 footprint position: (128587500, 76200000)
DEBUG: board_modifier.py:107: Getting SW34 footprint position: (147637500, 76200000)
DEBUG: board_modifier.py:107: Getting SW35 footprint position: (166687500, 76200000)
DEBUG: board_modifier.py:107: Getting SW36 footprint position: (185737500, 76200000)
DEBUG: board_modifier.py:107: Getting SW37 footprint position: (204787500, 76200000)
DEBUG: board_modifier.py:107: Getting SW38 footprint position: (223837500, 76200000)
DEBUG: board_modifier.py:107: Getting SW39 footprint position: (242887500, 76200000)
DEBUG: board_modifier.py:107: Getting SW40 footprint position: (261937500, 76200000)
DEBUG: board_modifier.py:107: Getting SW41 footprint position: (292893750, 76200000)
DEBUG: board_modifier.py:107: Getting SW42 footprint position: (50006250, 95250000)
DEBUG: board_modifier.py:107: Getting SW43 footprint position: (80962500, 95250000)
DEBUG: board_modifier.py:107: Getting SW44 footprint position: (100012500, 95250000)
DEBUG: board_modifier.py:107: Getting SW45 footprint position: (119062500, 95250000)
DEBUG: board_modifier.py:107: Getting SW46 footprint position: (138112500, 95250000)
DEBUG: board_modifier.py:107: Getting SW47 footprint position: (157162500, 95250000)
DEBUG: board_modifier.py:107: Getting SW48 footprint position: (176212500, 95250000)
DEBUG: board_modifier.py:107: Getting SW49 footprint position: (195262500, 95250000)
DEBUG: board_modifier.py:107: Getting SW50 footprint position: (214312500, 95250000)
DEBUG: board_modifier.py:107: Getting SW51 footprint position: (233362500, 95250000)
DEBUG: board_modifier.py:107: Getting SW52 footprint position: (252412500, 95250000)
DEBUG: board_modifier.py:107: Getting SW53 footprint position: (288131250, 95250000)
DEBUG: board_modifier.py:107: Getting SW54 footprint position: (40481250, 114300000)
DEBUG: board_modifier.py:107: Getting SW55 footprint position: (64293750, 114300000)
DEBUG: board_modifier.py:107: Getting SW56 footprint position: (88106250, 114300000)
DEBUG: board_modifier.py:107: Getting SW57 footprint position: (159543750, 114300000)
DEBUG: board_modifier.py:107: Getting SW58 footprint position: (230981250, 114300000)
DEBUG: board_modifier.py:107: Getting SW59 footprint position: (254793750, 114300000)
DEBUG: board_modifier.py:107: Getting SW60 footprint position: (278606250, 114300000)
DEBUG: board_modifier.py:107: Getting SW61 footprint position: (302418750, 114300000)
DEBUG: key_placer.py:854: Placing additional elements for SW61
DEBUG: board_modifier.py:107: Getting SW61 footprint position: (302418750, 114300000)
DEBUG: board_modifier.py:84: Searching for optional ST61 footprint in /run/media/william/Main/Blueprint/MagStrike/PCB/MagStrike.kicad_pcb
DEBUG: board_modifier.py:89: Footprint not found
DEBUG: key_placer.py:854: Placing additional elements for SW60
DEBUG: board_modifier.py:107: Getting SW60 footprint position: (278606250, 114300000)
DEBUG: board_modifier.py:84: Searching for optional ST60 footprint in /run/media/william/Main/Blueprint/MagStrike/PCB/MagStrike.kicad_pcb
DEBUG: board_modifier.py:89: Footprint not found
DEBUG: key_placer.py:854: Placing additional elements for SW59
DEBUG: board_modifier.py:107: Getting SW59 footprint position: (254793750, 114300000)
DEBUG: board_modifier.py:84: Searching for optional ST59 footprint in /run/media/william/Main/Blueprint/MagStrike/PCB/MagStrike.kicad_pcb
DEBUG: board_modifier.py:89: Footprint not found
DEBUG: key_placer.py:854: Placing additional elements for SW58
DEBUG: board_modifier.py:107: Getting SW58 footprint position: (230981250, 114300000)
DEBUG: board_modifier.py:84: Searching for optional ST58 footprint in /run/media/william/Main/Blueprint/MagStrike/PCB/MagStrike.kicad_pcb
DEBUG: board_modifier.py:89: Footprint not found
DEBUG: key_placer.py:854: Placing additional elements for SW57
DEBUG: board_modifier.py:107: Getting SW57 footprint position: (159543750, 114300000)
DEBUG: board_modifier.py:84: Searching for optional ST57 footprint in /run/media/william/Main/Blueprint/MagStrike/PCB/MagStrike.kicad_pcb
DEBUG: board_modifier.py:89: Footprint not found
DEBUG: key_placer.py:854: Placing additional elements for SW56
DEBUG: board_modifier.py:107: Getting SW56 footprint position: (88106250, 114300000)
DEBUG: board_modifier.py:84: Searching for optional ST56 footprint in /run/media/william/Main/Blueprint/MagStrike/PCB/MagStrike.kicad_pcb
DEBUG: board_modifier.py:89: Footprint not found
DEBUG: key_placer.py:854: Placing additional elements for SW55
DEBUG: board_modifier.py:107: Getting SW55 footprint position: (64293750, 114300000)
DEBUG: board_modifier.py:84: Searching for optional ST55 footprint in /run/media/william/Main/Blueprint/MagStrike/PCB/MagStrike.kicad_pcb
DEBUG: board_modifier.py:89: Footprint not found
DEBUG: key_placer.py:854: Placing additional elements for SW54
DEBUG: board_modifier.py:107: Getting SW54 footprint position: (40481250, 114300000)
DEBUG: board_modifier.py:84: Searching for optional ST54 footprint in /run/media/william/Main/Blueprint/MagStrike/PCB/MagStrike.kicad_pcb
DEBUG: board_modifier.py:89: Footprint not found
DEBUG: key_placer.py:854: Placing additional elements for SW53
DEBUG: board_modifier.py:107: Getting SW53 footprint position: (288131250, 95250000)
DEBUG: board_modifier.py:84: Searching for optional ST53 footprint in /run/media/william/Main/Blueprint/MagStrike/PCB/MagStrike.kicad_pcb
DEBUG: board_modifier.py:89: Footprint not found
DEBUG: key_placer.py:854: Placing additional elements for SW52
DEBUG: board_modifier.py:107: Getting SW52 footprint position: (252412500, 95250000)
DEBUG: board_modifier.py:84: Searching for optional ST52 footprint in /run/media/william/Main/Blueprint/MagStrike/PCB/MagStrike.kicad_pcb
DEBUG: board_modifier.py:89: Footprint not found
DEBUG: key_placer.py:854: Placing additional elements for SW51
DEBUG: board_modifier.py:107: Getting SW51 footprint position: (233362500, 95250000)
DEBUG: board_modifier.py:84: Searching for optional ST51 footprint in /run/media/william/Main/Blueprint/MagStrike/PCB/MagStrike.kicad_pcb
DEBUG: board_modifier.py:89: Footprint not found
DEBUG: key_placer.py:854: Placing additional elements for SW50
DEBUG: board_modifier.py:107: Getting SW50 footprint position: (214312500, 95250000)
DEBUG: board_modifier.py:84: Searching for optional ST50 footprint in /run/media/william/Main/Blueprint/MagStrike/PCB/MagStrike.kicad_pcb
DEBUG: board_modifier.py:89: Footprint not found
DEBUG: key_placer.py:854: Placing additional elements for SW49
DEBUG: board_modifier.py:107: Getting SW49 footprint position: (195262500, 95250000)
DEBUG: board_modifier.py:84: Searching for optional ST49 footprint in /run/media/william/Main/Blueprint/MagStrike/PCB/MagStrike.kicad_pcb
DEBUG: board_modifier.py:89: Footprint not found
DEBUG: key_placer.py:854: Placing additional elements for SW48
DEBUG: board_modifier.py:107: Getting SW48 footprint position: (176212500, 95250000)
DEBUG: board_modifier.py:84: Searching for optional ST48 footprint in /run/media/william/Main/Blueprint/MagStrike/PCB/MagStrike.kicad_pcb
DEBUG: board_modifier.py:89: Footprint not found
DEBUG: key_placer.py:854: Placing additional elements for SW47
DEBUG: board_modifier.py:107: Getting SW47 footprint position: (157162500, 95250000)
DEBUG: board_modifier.py:84: Searching for optional ST47 footprint in /run/media/william/Main/Blueprint/MagStrike/PCB/MagStrike.kicad_pcb
DEBUG: board_modifier.py:89: Footprint not found
DEBUG: key_placer.py:854: Placing additional elements for SW46
DEBUG: board_modifier.py:107: Getting SW46 footprint position: (138112500, 95250000)
DEBUG: board_modifier.py:84: Searching for optional ST46 footprint in /run/media/william/Main/Blueprint/MagStrike/PCB/MagStrike.kicad_pcb
DEBUG: board_modifier.py:89: Footprint not found
DEBUG: key_placer.py:854: Placing additional elements for SW45
DEBUG: board_modifier.py:107: Getting SW45 footprint position: (119062500, 95250000)
DEBUG: board_modifier.py:84: Searching for optional ST45 footprint in /run/media/william/Main/Blueprint/MagStrike/PCB/MagStrike.kicad_pcb
DEBUG: board_modifier.py:89: Footprint not found
DEBUG: key_placer.py:854: Placing additional elements for SW44
DEBUG: board_modifier.py:107: Getting SW44 footprint position: (100012500, 95250000)
DEBUG: board_modifier.py:84: Searching for optional ST44 footprint in /run/media/william/Main/Blueprint/MagStrike/PCB/MagStrike.kicad_pcb
DEBUG: board_modifier.py:89: Footprint not found
DEBUG: key_placer.py:854: Placing additional elements for SW43
DEBUG: board_modifier.py:107: Getting SW43 footprint position: (80962500, 95250000)
DEBUG: board_modifier.py:84: Searching for optional ST43 footprint in /run/media/william/Main/Blueprint/MagStrike/PCB/MagStrike.kicad_pcb
DEBUG: board_modifier.py:89: Footprint not found
DEBUG: key_placer.py:854: Placing additional elements for SW42
DEBUG: board_modifier.py:107: Getting SW42 footprint position: (50006250, 95250000)
DEBUG: board_modifier.py:84: Searching for optional ST42 footprint in /run/media/william/Main/Blueprint/MagStrike/PCB/MagStrike.kicad_pcb
DEBUG: board_modifier.py:89: Footprint not found
DEBUG: key_placer.py:854: Placing additional elements for SW41
DEBUG: board_modifier.py:107: Getting SW41 footprint position: (292893750, 76200000)
DEBUG: board_modifier.py:84: Searching for optional ST41 footprint in /run/media/william/Main/Blueprint/MagStrike/PCB/MagStrike.kicad_pcb
DEBUG: board_modifier.py:89: Footprint not found
DEBUG: key_placer.py:854: Placing additional elements for SW40
DEBUG: board_modifier.py:107: Getting SW40 footprint position: (261937500, 76200000)
DEBUG: board_modifier.py:84: Searching for optional ST40 footprint in /run/media/william/Main/Blueprint/MagStrike/PCB/MagStrike.kicad_pcb
DEBUG: board_modifier.py:89: Footprint not found
DEBUG: key_placer.py:854: Placing additional elements for SW39
DEBUG: board_modifier.py:107: Getting SW39 footprint position: (242887500, 76200000)
DEBUG: board_modifier.py:84: Searching for optional ST39 footprint in /run/media/william/Main/Blueprint/MagStrike/PCB/MagStrike.kicad_pcb
DEBUG: board_modifier.py:89: Footprint not found
DEBUG: key_placer.py:854: Placing additional elements for SW38
DEBUG: board_modifier.py:107: Getting SW38 footprint position: (223837500, 76200000)
DEBUG: board_modifier.py:84: Searching for optional ST38 footprint in /run/media/william/Main/Blueprint/MagStrike/PCB/MagStrike.kicad_pcb
DEBUG: board_modifier.py:89: Footprint not found
DEBUG: key_placer.py:854: Placing additional elements for SW37
DEBUG: board_modifier.py:107: Getting SW37 footprint position: (204787500, 76200000)
DEBUG: board_modifier.py:84: Searching for optional ST37 footprint in /run/media/william/Main/Blueprint/MagStrike/PCB/MagStrike.kicad_pcb
DEBUG: board_modifier.py:89: Footprint not found
DEBUG: key_placer.py:854: Placing additional elements for SW36
DEBUG: board_modifier.py:107: Getting SW36 footprint position: (185737500, 76200000)
DEBUG: board_modifier.py:84: Searching for optional ST36 footprint in /run/media/william/Main/Blueprint/MagStrike/PCB/MagStrike.kicad_pcb
DEBUG: board_modifier.py:89: Footprint not found
DEBUG: key_placer.py:854: Placing additional elements for SW35
DEBUG: board_modifier.py:107: Getting SW35 footprint position: (166687500, 76200000)
DEBUG: board_modifier.py:84: Searching for optional ST35 footprint in /run/media/william/Main/Blueprint/MagStrike/PCB/MagStrike.kicad_pcb
DEBUG: board_modifier.py:89: Footprint not found
DEBUG: key_placer.py:854: Placing additional elements for SW34
DEBUG: board_modifier.py:107: Getting SW34 footprint position: (147637500, 76200000)
DEBUG: board_modifier.py:84: Searching for optional ST34 footprint in /run/media/william/Main/Blueprint/MagStrike/PCB/MagStrike.kicad_pcb
DEBUG: board_modifier.py:89: Footprint not found
DEBUG: key_placer.py:854: Placing additional elements for SW33
DEBUG: board_modifier.py:107: Getting SW33 footprint position: (128587500, 76200000)
DEBUG: board_modifier.py:84: Searching for optional ST33 footprint in /run/media/william/Main/Blueprint/MagStrike/PCB/MagStrike.kicad_pcb
DEBUG: board_modifier.py:89: Footprint not found
DEBUG: key_placer.py:854: Placing additional elements for SW32
DEBUG: board_modifier.py:107: Getting SW32 footprint position: (109537500, 76200000)
DEBUG: board_modifier.py:84: Searching for optional ST32 footprint in /run/media/william/Main/Blueprint/MagStrike/PCB/MagStrike.kicad_pcb
DEBUG: board_modifier.py:89: Footprint not found
DEBUG: key_placer.py:854: Placing additional elements for SW31
DEBUG: board_modifier.py:107: Getting SW31 footprint position: (90487500, 76200000)
DEBUG: board_modifier.py:84: Searching for optional ST31 footprint in /run/media/william/Main/Blueprint/MagStrike/PCB/MagStrike.kicad_pcb
DEBUG: board_modifier.py:89: Footprint not found
DEBUG: key_placer.py:854: Placing additional elements for SW30
DEBUG: board_modifier.py:107: Getting SW30 footprint position: (71437500, 76200000)
DEBUG: board_modifier.py:84: Searching for optional ST30 footprint in /run/media/william/Main/Blueprint/MagStrike/PCB/MagStrike.kicad_pcb
DEBUG: board_modifier.py:89: Footprint not found
DEBUG: key_placer.py:854: Placing additional elements for SW29
DEBUG: board_modifier.py:107: Getting SW29 footprint position: (45243750, 76200000)
DEBUG: board_modifier.py:84: Searching for optional ST29 footprint in /run/media/william/Main/Blueprint/MagStrike/PCB/MagStrike.kicad_pcb
DEBUG: board_modifier.py:89: Footprint not found
DEBUG: key_placer.py:854: Placing additional elements for SW28
DEBUG: board_modifier.py:107: Getting SW28 footprint position: (300037500, 57150000)
DEBUG: board_modifier.py:84: Searching for optional ST28 footprint in /run/media/william/Main/Blueprint/MagStrike/PCB/MagStrike.kicad_pcb
DEBUG: board_modifier.py:89: Footprint not found
DEBUG: key_placer.py:854: Placing additional elements for SW27
DEBUG: board_modifier.py:107: Getting SW27 footprint position: (276225000, 57150000)
DEBUG: board_modifier.py:84: Searching for optional ST27 footprint in /run/media/william/Main/Blueprint/MagStrike/PCB/MagStrike.kicad_pcb
DEBUG: board_modifier.py:89: Footprint not found
DEBUG: key_placer.py:854: Placing additional elements for SW26
DEBUG: board_modifier.py:107: Getting SW26 footprint position: (257175000, 57150000)
DEBUG: board_modifier.py:84: Searching for optional ST26 footprint in /run/media/william/Main/Blueprint/MagStrike/PCB/MagStrike.kicad_pcb
DEBUG: board_modifier.py:89: Footprint not found
DEBUG: key_placer.py:854: Placing additional elements for SW25
DEBUG: board_modifier.py:107: Getting SW25 footprint position: (238125000, 57150000)
DEBUG: board_modifier.py:84: Searching for optional ST25 footprint in /run/media/william/Main/Blueprint/MagStrike/PCB/MagStrike.kicad_pcb
DEBUG: board_modifier.py:89: Footprint not found
DEBUG: key_placer.py:854: Placing additional elements for SW24
DEBUG: board_modifier.py:107: Getting SW24 footprint position: (219075000, 57150000)
DEBUG: board_modifier.py:84: Searching for optional ST24 footprint in /run/media/william/Main/Blueprint/MagStrike/PCB/MagStrike.kicad_pcb
DEBUG: board_modifier.py:89: Footprint not found
DEBUG: key_placer.py:854: Placing additional elements for SW23
DEBUG: board_modifier.py:107: Getting SW23 footprint position: (200025000, 57150000)
DEBUG: board_modifier.py:84: Searching for optional ST23 footprint in /run/media/william/Main/Blueprint/MagStrike/PCB/MagStrike.kicad_pcb
DEBUG: board_modifier.py:89: Footprint not found
DEBUG: key_placer.py:854: Placing additional elements for SW22
DEBUG: board_modifier.py:107: Getting SW22 footprint position: (180975000, 57150000)
DEBUG: board_modifier.py:84: Searching for optional ST22 footprint in /run/media/william/Main/Blueprint/MagStrike/PCB/MagStrike.kicad_pcb
DEBUG: board_modifier.py:89: Footprint not found
DEBUG: key_placer.py:854: Placing additional elements for SW21
DEBUG: board_modifier.py:107: Getting SW21 footprint position: (161925000, 57150000)
DEBUG: board_modifier.py:84: Searching for optional ST21 footprint in /run/media/william/Main/Blueprint/MagStrike/PCB/MagStrike.kicad_pcb
DEBUG: board_modifier.py:89: Footprint not found
DEBUG: key_placer.py:854: Placing additional elements for SW20
DEBUG: board_modifier.py:107: Getting SW20 footprint position: (142875000, 57150000)
DEBUG: board_modifier.py:84: Searching for optional ST20 footprint in /run/media/william/Main/Blueprint/MagStrike/PCB/MagStrike.kicad_pcb
DEBUG: board_modifier.py:89: Footprint not found
DEBUG: key_placer.py:854: Placing additional elements for SW19
DEBUG: board_modifier.py:107: Getting SW19 footprint position: (123825000, 57150000)
DEBUG: board_modifier.py:84: Searching for optional ST19 footprint in /run/media/william/Main/Blueprint/MagStrike/PCB/MagStrike.kicad_pcb
DEBUG: board_modifier.py:89: Footprint not found
DEBUG: key_placer.py:854: Placing additional elements for SW18
DEBUG: board_modifier.py:107: Getting SW18 footprint position: (104775000, 57150000)
DEBUG: board_modifier.py:84: Searching for optional ST18 footprint in /run/media/william/Main/Blueprint/MagStrike/PCB/MagStrike.kicad_pcb
DEBUG: board_modifier.py:89: Footprint not found
DEBUG: key_placer.py:854: Placing additional elements for SW17
DEBUG: board_modifier.py:107: Getting SW17 footprint position: (85725000, 57150000)
DEBUG: board_modifier.py:84: Searching for optional ST17 footprint in /run/media/william/Main/Blueprint/MagStrike/PCB/MagStrike.kicad_pcb
DEBUG: board_modifier.py:89: Footprint not found
DEBUG: key_placer.py:854: Placing additional elements for SW16
DEBUG: board_modifier.py:107: Getting SW16 footprint position: (66675000, 57150000)
DEBUG: board_modifier.py:84: Searching for optional ST16 footprint in /run/media/william/Main/Blueprint/MagStrike/PCB/MagStrike.kicad_pcb
DEBUG: board_modifier.py:89: Footprint not found
DEBUG: key_placer.py:854: Placing additional elements for SW15
DEBUG: board_modifier.py:107: Getting SW15 footprint position: (42862500, 57150000)
DEBUG: board_modifier.py:84: Searching for optional ST15 footprint in /run/media/william/Main/Blueprint/MagStrike/PCB/MagStrike.kicad_pcb
DEBUG: board_modifier.py:89: Footprint not found
DEBUG: key_placer.py:854: Placing additional elements for SW14
DEBUG: board_modifier.py:107: Getting SW14 footprint position: (295275000, 38100000)
DEBUG: board_modifier.py:84: Searching for optional ST14 footprint in /run/media/william/Main/Blueprint/MagStrike/PCB/MagStrike.kicad_pcb
DEBUG: board_modifier.py:89: Footprint not found
DEBUG: key_placer.py:854: Placing additional elements for SW13
DEBUG: board_modifier.py:107: Getting SW13 footprint position: (266700000, 38100000)
DEBUG: board_modifier.py:84: Searching for optional ST13 footprint in /run/media/william/Main/Blueprint/MagStrike/PCB/MagStrike.kicad_pcb
DEBUG: board_modifier.py:89: Footprint not found
DEBUG: key_placer.py:854: Placing additional elements for SW12
DEBUG: board_modifier.py:107: Getting SW12 footprint position: (247650000, 38100000)
DEBUG: board_modifier.py:84: Searching for optional ST12 footprint in /run/media/william/Main/Blueprint/MagStrike/PCB/MagStrike.kicad_pcb
DEBUG: board_modifier.py:89: Footprint not found
DEBUG: key_placer.py:854: Placing additional elements for SW11
DEBUG: board_modifier.py:107: Getting SW11 footprint position: (228600000, 38100000)
DEBUG: board_modifier.py:84: Searching for optional ST11 footprint in /run/media/william/Main/Blueprint/MagStrike/PCB/MagStrike.kicad_pcb
DEBUG: board_modifier.py:89: Footprint not found
DEBUG: key_placer.py:854: Placing additional elements for SW10
DEBUG: board_modifier.py:107: Getting SW10 footprint position: (209550000, 38100000)
DEBUG: board_modifier.py:84: Searching for optional ST10 footprint in /run/media/william/Main/Blueprint/MagStrike/PCB/MagStrike.kicad_pcb
DEBUG: board_modifier.py:89: Footprint not found
DEBUG: key_placer.py:854: Placing additional elements for SW9
DEBUG: board_modifier.py:107: Getting SW9 footprint position: (190500000, 38100000)
DEBUG: board_modifier.py:84: Searching for optional ST9 footprint in /run/media/william/Main/Blueprint/MagStrike/PCB/MagStrike.kicad_pcb
DEBUG: board_modifier.py:89: Footprint not found
DEBUG: key_placer.py:854: Placing additional elements for SW8
DEBUG: board_modifier.py:107: Getting SW8 footprint position: (171450000, 38100000)
DEBUG: board_modifier.py:84: Searching for optional ST8 footprint in /run/media/william/Main/Blueprint/MagStrike/PCB/MagStrike.kicad_pcb
DEBUG: board_modifier.py:89: Footprint not found
DEBUG: key_placer.py:854: Placing additional elements for SW7
DEBUG: board_modifier.py:107: Getting SW7 footprint position: (152400000, 38100000)
DEBUG: board_modifier.py:84: Searching for optional ST7 footprint in /run/media/william/Main/Blueprint/MagStrike/PCB/MagStrike.kicad_pcb
DEBUG: board_modifier.py:89: Footprint not found
DEBUG: key_placer.py:854: Placing additional elements for SW6
DEBUG: board_modifier.py:107: Getting SW6 footprint position: (133350000, 38100000)
DEBUG: board_modifier.py:84: Searching for optional ST6 footprint in /run/media/william/Main/Blueprint/MagStrike/PCB/MagStrike.kicad_pcb
DEBUG: board_modifier.py:89: Footprint not found
DEBUG: key_placer.py:854: Placing additional elements for SW5
DEBUG: board_modifier.py:107: Getting SW5 footprint position: (114300000, 38100000)
DEBUG: board_modifier.py:84: Searching for optional ST5 footprint in /run/media/william/Main/Blueprint/MagStrike/PCB/MagStrike.kicad_pcb
DEBUG: board_modifier.py:89: Footprint not found
DEBUG: key_placer.py:854: Placing additional elements for SW4
DEBUG: board_modifier.py:107: Getting SW4 footprint position: (95250000, 38100000)
DEBUG: board_modifier.py:84: Searching for optional ST4 footprint in /run/media/william/Main/Blueprint/MagStrike/PCB/MagStrike.kicad_pcb
DEBUG: board_modifier.py:89: Footprint not found
DEBUG: key_placer.py:854: Placing additional elements for SW3
DEBUG: board_modifier.py:107: Getting SW3 footprint position: (76200000, 38100000)
DEBUG: board_modifier.py:84: Searching for optional ST3 footprint in /run/media/william/Main/Blueprint/MagStrike/PCB/MagStrike.kicad_pcb
DEBUG: board_modifier.py:89: Footprint not found
DEBUG: key_placer.py:854: Placing additional elements for SW2
DEBUG: board_modifier.py:107: Getting SW2 footprint position: (57150000, 38100000)
DEBUG: board_modifier.py:84: Searching for optional ST2 footprint in /run/media/william/Main/Blueprint/MagStrike/PCB/MagStrike.kicad_pcb
DEBUG: board_modifier.py:89: Footprint not found
DEBUG: key_placer.py:854: Placing additional elements for SW1
DEBUG: board_modifier.py:107: Getting SW1 footprint position: (38100000, 38100000)
DEBUG: board_modifier.py:84: Searching for optional ST1 footprint in /run/media/william/Main/Blueprint/MagStrike/PCB/MagStrike.kicad_pcb
DEBUG: board_modifier.py:89: Footprint not found
INFO: key_placer.py:520: Removing dangling tracks
